2021-10-08 20:52:02 0 [Note] InnoDB: Mutexes and rw_locks use Windows interlocked functions
2021-10-08 20:52:02 0 [Note] InnoDB: Uses event mutexes
2021-10-08 20:52:02 0 [Note] InnoDB: Compressed tables use zlib 1.2.11
2021-10-08 20:52:02 0 [Note] InnoDB: Number of pools: 1
2021-10-08 20:52:02 0 [Note] InnoDB: Using SSE2 crc32 instructions
2021-10-08 20:52:02 0 [Note] InnoDB: Initializing buffer pool, total size = 16M, instances = 1, chunk size = 16M
2021-10-08 20:52:02 0 [Note] InnoDB: Completed initialization of buffer pool
2021-10-08 20:52:02 0 [Note] InnoDB: Starting crash recovery from checkpoint LSN=300288
2021-10-08 20:52:02 0 [Note] InnoDB: 128 out of 128 rollback segments are active.
2021-10-08 20:52:02 0 [Note] InnoDB: Removed temporary tablespace data file: "ibtmp1"
2021-10-08 20:52:02 0 [Note] InnoDB: Creating shared tablespace for temporary tables
2021-10-08 20:52:02 0 [Note] InnoDB: Setting file 'E:\Programs\xampp\mysql\data\ibtmp1' size to 12 MB. Physically writing the file full; Please wait ...
2021-10-08 20:52:02 0 [Note] InnoDB: File 'E:\Programs\xampp\mysql\data\ibtmp1' size is now 12 MB.
2021-10-08 20:52:02 0 [Note] InnoDB: Waiting for purge to start
2021-10-08 20:52:02 0 [Note] InnoDB: 10.4.21 started; log sequence number 300297; transaction id 170
2021-10-08 20:52:02 0 [Note] Plugin 'FEEDBACK' is disabled.
2021-10-08 20:52:02 0 [Note] InnoDB: Loading buffer pool(s) from E:\Programs\xampp\mysql\data\ib_buffer_pool
2021-10-08 20:52:02 0 [Note] Server socket created on IP: '::'.
2021-10-08 20:54:24 0 [Note] InnoDB: Mutexes and rw_locks use Windows interlocked functions
2021-10-08 20:54:24 0 [Note] InnoDB: Uses event mutexes
2021-10-08 20:54:24 0 [Note] InnoDB: Compressed tables use zlib 1.2.11
2021-10-08 20:54:24 0 [Note] InnoDB: Number of pools: 1
2021-10-08 20:54:24 0 [Note] InnoDB: Using SSE2 crc32 instructions
2021-10-08 20:54:24 0 [Note] InnoDB: Initializing buffer pool, total size = 16M, instances = 1, chunk size = 16M
2021-10-08 20:54:24 0 [Note] InnoDB: Completed initialization of buffer pool
2021-10-08 20:54:24 0 [Note] InnoDB: Starting crash recovery from checkpoint LSN=304088
2021-10-08 20:54:24 0 [Note] InnoDB: 128 out of 128 rollback segments are active.
2021-10-08 20:54:24 0 [Note] InnoDB: Removed temporary tablespace data file: "ibtmp1"
2021-10-08 20:54:24 0 [Note] InnoDB: Creating shared tablespace for temporary tables
2021-10-08 20:54:24 0 [Note] InnoDB: Setting file 'E:\Programs\xampp\mysql\data\ibtmp1' size to 12 MB. Physically writing the file full; Please wait ...
2021-10-08 20:54:24 0 [Note] InnoDB: File 'E:\Programs\xampp\mysql\data\ibtmp1' size is now 12 MB.
2021-10-08 20:54:24 0 [Note] InnoDB: Waiting for purge to start
2021-10-08 20:54:24 0 [Note] InnoDB: 10.4.21 started; log sequence number 304097; transaction id 195
2021-10-08 20:54:24 0 [Note] InnoDB: Loading buffer pool(s) from E:\Programs\xampp\mysql\data\ib_buffer_pool
2021-10-08 20:54:24 0 [Note] Plugin 'FEEDBACK' is disabled.
2021-10-08 20:54:24 0 [Note] Server socket created on IP: '::'.
2021-10-08 21:19:15 0 [Note] InnoDB: Mutexes and rw_locks use Windows interlocked functions
2021-10-08 21:19:15 0 [Note] InnoDB: Uses event mutexes
2021-10-08 21:19:15 0 [Note] InnoDB: Compressed tables use zlib 1.2.11
2021-10-08 21:19:15 0 [Note] InnoDB: Number of pools: 1
2021-10-08 21:19:15 0 [Note] InnoDB: Using SSE2 crc32 instructions
2021-10-08 21:19:15 0 [Note] InnoDB: Initializing buffer pool, total size = 16M, instances = 1, chunk size = 16M
2021-10-08 21:19:15 0 [Note] InnoDB: Completed initialization of buffer pool
2021-10-08 21:19:15 0 [Note] InnoDB: Starting crash recovery from checkpoint LSN=306734
2021-10-08 21:19:15 0 [Note] InnoDB: 128 out of 128 rollback segments are active.
2021-10-08 21:19:15 0 [Note] InnoDB: Removed temporary tablespace data file: "ibtmp1"
2021-10-08 21:19:15 0 [Note] InnoDB: Creating shared tablespace for temporary tables
2021-10-08 21:19:15 0 [Note] InnoDB: Setting file 'E:\Programs\xampp\mysql\data\ibtmp1' size to 12 MB. Physically writing the file full; Please wait ...
2021-10-08 21:19:15 0 [Note] InnoDB: File 'E:\Programs\xampp\mysql\data\ibtmp1' size is now 12 MB.
2021-10-08 21:19:15 0 [Note] InnoDB: Waiting for purge to start
2021-10-08 21:19:15 0 [Note] InnoDB: 10.4.21 started; log sequence number 306743; transaction id 216
2021-10-08 21:19:15 0 [Note] Plugin 'FEEDBACK' is disabled.
2021-10-08 21:19:15 0 [Note] InnoDB: Loading buffer pool(s) from E:\Programs\xampp\mysql\data\ib_buffer_pool
2021-10-08 21:19:15 0 [Note] Server socket created on IP: '::'.
